<?xml version="1.0" encoding="UTF-8"?>
<testsuite xmlns:xsi="http://www.w3.org/2001/XMLSchema-instance" xsi:noNamespaceSchemaLocation="https://maven.apache.org/surefire/maven-surefire-plugin/xsd/surefire-test-report.xsd" name="org.selenide.exemplos.runner.Runner" time="1.173" tests="29" errors="0" skipped="29" failures="0">
  <properties>
[...]
</properties>
  <testcase name="Criar um cadastrado com sucesso para realizar login" classname="Realizar cadastro" time="0">
    <skipped message="The step &quot;que estou na tela inicial do sistema Brasil Brokers&quot; is undefined"/>
    <system-err><![CDATA[SLF4J: Class path contains multiple SLF4J bindings.
SLF4J: Found binding in [jar:file:/C:/Users/bblin/.m2/repository/org/slf4j/slf4j-log4j12/1.6.1/slf4j-log4j12-1.6.1.jar!/org/slf4j/impl/StaticLoggerBinder.class]
SLF4J: Found binding in [jar:file:/C:/Users/bblin/.m2/repository/org/slf4j/slf4j-simple/1.7.25/slf4j-simple-1.7.25.jar!/org/slf4j/impl/StaticLoggerBinder.class]
SLF4J: See http://www.slf4j.org/codes.html#multiple_bindings for an explanation.
SLF4J: Actual binding is of type [org.slf4j.impl.Log4jLoggerFactory]
]]></system-err>
  </testcase>
  <testcase name="Criar um cadastrado com sucesso para realizar login" classname="Realizar cadastro" time="0">
    <skipped message="The step &quot;clico na opção Minha Conta&quot; is undefined"/>
  </testcase>
  <testcase name="Criar um cadastrado com sucesso para realizar login" classname="Realizar cadastro" time="0">
    <skipped message="The step &quot;clico na opção criar sua conta&quot; is undefined"/>
  </testcase>
  <testcase name="Criar um cadastrado com sucesso para realizar login" classname="Realizar cadastro" time="0">
    <skipped message="The step &quot;preencho o campo Nome &quot;Bianca Lins&quot;&quot; is undefined"/>
  </testcase>
  <testcase name="Criar um cadastrado com sucesso para realizar login" classname="Realizar cadastro" time="0">
    <skipped message="The step &quot;preencho o campo Telefone &quot;61996856038&quot;&quot; is undefined"/>
  </testcase>
  <testcase name="Criar um cadastrado com sucesso para realizar login" classname="Realizar cadastro" time="0">
    <skipped message="The step &quot;preencho o campo Email &quot;bb.lins.14@gmail.com&quot;&quot; is undefined"/>
  </testcase>
  <testcase name="Criar um cadastrado com sucesso para realizar login" classname="Realizar cadastro" time="0">
    <skipped message="The step &quot;preencho o campo Senha &quot;teste@0101&quot;&quot; is undefined"/>
  </testcase>
  <testcase name="Criar um cadastrado com sucesso para realizar login" classname="Realizar cadastro" time="0">
    <skipped message="The step &quot;preencho o campo Confirmar Senha &quot;teste@0101&quot;&quot; is undefined"/>
  </testcase>
  <testcase name="Criar um cadastrado com sucesso para realizar login" classname="Realizar cadastro" time="0">
    <skipped message="The step &quot;clico para concordar com o termos e condições&quot; is undefined"/>
  </testcase>
  <testcase name="Criar um cadastrado com sucesso para realizar login" classname="Realizar cadastro" time="0">
    <skipped message="The step &quot;clico para concordar com as politicas de privacidade&quot; is undefined"/>
  </testcase>
  <testcase name="Criar um cadastrado com sucesso para realizar login" classname="Realizar cadastro" time="0">
    <skipped message="The step &quot;clico no botao criar conta&quot; is undefined"/>
  </testcase>
  <testcase name="Criar um cadastrado com sucesso para realizar login" classname="Realizar cadastro" time="0">
    <skipped message="The step &quot;o sistema finaliza o cadastro e emite a mensagem &quot;Solicitação de cadastro enviada com sucesso! Por favor, acesse seu e-mail e confirme a sua conta.&quot;&quot; is undefined"/>
  </testcase>
  <testcase name="Campos Obrigatórios" classname="Realizar cadastro" time="0">
    <skipped message="The step &quot;que estou na tela inicial do sistema Brasil Brokers&quot; is undefined"/>
  </testcase>
  <testcase name="Campos Obrigatórios" classname="Realizar cadastro" time="0">
    <skipped message="The step &quot;clico na opção Minha Conta&quot; is undefined"/>
  </testcase>
  <testcase name="Campos Obrigatórios" classname="Realizar cadastro" time="0">
    <skipped message="The step &quot;clico na opção criar sua conta e não preencho nenhum campo&quot; is undefined"/>
  </testcase>
  <testcase name="Campos Obrigatórios" classname="Realizar cadastro" time="0">
    <skipped message="The step &quot;clico no botao criar conta&quot; is undefined"/>
  </testcase>
  <testcase name="Campos Obrigatórios" classname="Realizar cadastro" time="0">
    <skipped message="The step &quot;o sistema não finaliza o cadastro e exibe na tela os campos que precisam ser preenchidos como obrigatório &quot;Obrigatório.&quot;&quot; is undefined"/>
  </testcase>
  <testcase name="Senha e confirmação de senha não conferem" classname="Realizar cadastro" time="0">
    <skipped message="The step &quot;que estou na tela inicial do sistema Brasil Brokers&quot; is undefined"/>
  </testcase>
  <testcase name="Senha e confirmação de senha não conferem" classname="Realizar cadastro" time="0">
    <skipped message="The step &quot;clico na opção Minha Conta&quot; is undefined"/>
  </testcase>
  <testcase name="Senha e confirmação de senha não conferem" classname="Realizar cadastro" time="0">
    <skipped message="The step &quot;clico na opção criar sua conta e não preencho nenhum campo&quot; is undefined"/>
  </testcase>
  <testcase name="Senha e confirmação de senha não conferem" classname="Realizar cadastro" time="0">
    <skipped message="The step &quot;preencho o campo Nome &quot;Bianca Lins&quot;&quot; is undefined"/>
  </testcase>
  <testcase name="Senha e confirmação de senha não conferem" classname="Realizar cadastro" time="0">
    <skipped message="The step &quot;preencho o campo Telefone &quot;61996856038&quot;&quot; is undefined"/>
  </testcase>
  <testcase name="Senha e confirmação de senha não conferem" classname="Realizar cadastro" time="0">
    <skipped message="The step &quot;preencho o campo Email &quot;bb.lins.14@gmail.com&quot;&quot; is undefined"/>
  </testcase>
  <testcase name="Senha e confirmação de senha não conferem" classname="Realizar cadastro" time="0">
    <skipped message="The step &quot;preencho o campo Senha &quot;teste@0101&quot;&quot; is undefined"/>
  </testcase>
  <testcase name="Senha e confirmação de senha não conferem" classname="Realizar cadastro" time="0">
    <skipped message="The step &quot;preencho o campo Confirmar Senha &quot;teste@0102&quot;&quot; is undefined"/>
  </testcase>
  <testcase name="Senha e confirmação de senha não conferem" classname="Realizar cadastro" time="0">
    <skipped message="The step &quot;clico para concordar com o termos e condições&quot; is undefined"/>
  </testcase>
  <testcase name="Senha e confirmação de senha não conferem" classname="Realizar cadastro" time="0">
    <skipped message="The step &quot;clico para concordar com as politicas de privacidade&quot; is undefined"/>
  </testcase>
  <testcase name="Senha e confirmação de senha não conferem" classname="Realizar cadastro" time="0">
    <skipped message="The step &quot;clico no botao criar conta&quot; is undefined"/>
  </testcase>
  <testcase name="Senha e confirmação de senha não conferem" classname="Realizar cadastro" time="0">
    <skipped message="The step &quot;o sistema não finaliza o cadastro e emite a mensagem de erro &quot;Ops... as senhas não conferem.&quot;&quot; is undefined"/>
  </testcase>
</testsuite>